# Train on 1K_60 from random:
counter = 1	PSNR = 8.802781		SSIM = 0.079146
counter = 501	PSNR = 24.422837	SSIM = 0.982384
counter = 1001	PSNR = 24.963335	SSIM = 0.983825
counter = 1501	PSNR = 25.937520	SSIM = 0.987413
counter = 2001	PSNR = 25.702437	SSIM = 0.987720
counter = 2501	PSNR = 26.483005	SSIM = 0.989006
counter = 3001	PSNR = 26.719284	SSIM = 0.989492
counter = 3501	PSNR = 25.959852	SSIM = 0.988219
counter = 4001	PSNR = 26.287561	SSIM = 0.989223
counter = 4501	PSNR = 26.965627	SSIM = 0.990271
counter = 5001	PSNR = 26.832471	SSIM = 0.990203
counter = 5501	PSNR = 26.991094	SSIM = 0.990188
counter = 6001	PSNR = 26.844240	SSIM = 0.990159
counter = 6501	PSNR = 26.990220	SSIM = 0.990571
counter = 7001	PSNR = 27.468162	SSIM = 0.991352
counter = 7501	PSNR = 27.387252	SSIM = 0.991144
counter = 8001	PSNR = 27.122479	SSIM = 0.990732
counter = 8501	PSNR = 27.446973	SSIM = 0.991289
counter = 9001	PSNR = 27.371226	SSIM = 0.991177
counter = 9501	PSNR = 27.665056	SSIM = 0.991399
counter = 10001	PSNR = 27.467874	SSIM = 0.991261
counter = 10501	PSNR = 27.700411	SSIM = 0.991620
counter = 11001	PSNR = 27.562460	SSIM = 0.991466
counter = 11501	PSNR = 27.957802	SSIM = 0.991889
counter = 12001	PSNR = 27.616764	SSIM = 0.991456
counter = 12501	PSNR = 27.366316	SSIM = 0.991203
counter = 13001	PSNR = 27.647647	SSIM = 0.991552
counter = 13501	PSNR = 27.719187	SSIM = 0.991703
counter = 14001	PSNR = 27.564562	SSIM = 0.991461
counter = 14501	PSNR = 27.944744	SSIM = 0.991749
counter = 15001	PSNR = 27.681215	SSIM = 0.991572
counter = 15501	PSNR = 27.970147	SSIM = 0.991855
counter = 16001	PSNR = 27.904103	SSIM = 0.991875
counter = 16501	PSNR = 28.395722	SSIM = 0.992501
counter = 17001	PSNR = 28.002594	SSIM = 0.991962
counter = 17501	PSNR = 27.832390	SSIM = 0.991706
counter = 18001	PSNR = 27.832826	SSIM = 0.991639
counter = 18501	PSNR = 28.017611	SSIM = 0.992046
counter = 19001	PSNR = 28.071705	SSIM = 0.992014
counter = 19501	PSNR = 28.132637	SSIM = 0.992118
counter = 20001	PSNR = 27.898712	SSIM = 0.991842
counter = 20501	PSNR = 28.318894	SSIM = 0.992323
counter = 21001	PSNR = 28.063177	SSIM = 0.991767
counter = 21501	PSNR = 27.698119	SSIM = 0.991499
counter = 22001	PSNR = 27.886312	SSIM = 0.991868
counter = 22501	PSNR = 27.952980	SSIM = 0.991747
counter = 23001	PSNR = 27.924476	SSIM = 0.991828
counter = 23501	PSNR = 27.853843	SSIM = 0.991699
counter = 24001	PSNR = 27.790470	SSIM = 0.991585
counter = 24501	PSNR = 27.925392	SSIM = 0.991842
counter = 25001	PSNR = 27.687659	SSIM = 0.991373
counter = 25501	PSNR = 27.820249	SSIM = 0.991667
counter = 26001	PSNR = 28.466999	SSIM = 0.992426
counter = 26501	PSNR = 27.848197	SSIM = 0.991758
counter = 27001	PSNR = 27.749446	SSIM = 0.991644
counter = 27501	PSNR = 27.785219	SSIM = 0.991541
counter = 28001	PSNR = 27.907031	SSIM = 0.991794
counter = 28501	PSNR = 28.117973	SSIM = 0.992055
counter = 29001	PSNR = 27.876029	SSIM = 0.991695
counter = 29501	PSNR = 28.034957	SSIM = 0.991901
counter = 30001	PSNR = 27.798178	SSIM = 0.991530
counter = 30501	PSNR = 27.807979	SSIM = 0.991563
counter = 31001	PSNR = 27.498062	SSIM = 0.991229
counter = 31501	PSNR = 27.832998	SSIM = 0.991609
counter = 32001	PSNR = 27.809483	SSIM = 0.991563
counter = 32501	PSNR = 27.846457	SSIM = 0.991622
counter = 33001	PSNR = 27.587080	SSIM = 0.991256
counter = 33501	PSNR = 27.619827	SSIM = 0.991326
counter = 34001	PSNR = 27.974864	SSIM = 0.991752
counter = 34501	PSNR = 27.508466	SSIM = 0.991171
counter = 35001	PSNR = 27.764663	SSIM = 0.991362
counter = 35501	PSNR = 27.597383	SSIM = 0.991169
counter = 36001	PSNR = 27.815234	SSIM = 0.991561
counter = 36501	PSNR = 27.606427	SSIM = 0.991291
counter = 37001	PSNR = 27.628508	SSIM = 0.991214
counter = 37501	PSNR = 27.590741	SSIM = 0.991250
counter = 38001	PSNR = 27.708511	SSIM = 0.991282
counter = 38501	PSNR = 27.603681	SSIM = 0.991145
counter = 39001	PSNR = 27.804082	SSIM = 0.991426
counter = 39501	PSNR = 27.418530	SSIM = 0.990940
counter = 40001	PSNR = 27.538800	SSIM = 0.991082
counter = 40501	PSNR = 27.762081	SSIM = 0.991370
counter = 41001	PSNR = 27.767468	SSIM = 0.991497
counter = 41501	PSNR = 27.773951	SSIM = 0.991241
counter = 42001	PSNR = 27.589310	SSIM = 0.991200
counter = 42501	PSNR = 27.456776	SSIM = 0.991016
counter = 43001	PSNR = 27.647434	SSIM = 0.991121
counter = 43501	PSNR = 27.461597	SSIM = 0.990769
counter = 44001	PSNR = 27.439859	SSIM = 0.991056
counter = 44501	PSNR = 27.934134	SSIM = 0.991517
counter = 45001	PSNR = 27.486647	SSIM = 0.990845
counter = 45501	PSNR = 27.138429	SSIM = 0.990478
counter = 46001	PSNR = 27.358554	SSIM = 0.990743
counter = 46501	PSNR = 27.291724	SSIM = 0.990569
counter = 47001	PSNR = 27.361305	SSIM = 0.990447
counter = 47501	PSNR = 27.559850	SSIM = 0.990850
counter = 48001	PSNR = 27.318974	SSIM = 0.990580
counter = 48501	PSNR = 27.410832	SSIM = 0.990571
counter = 49001	PSNR = 27.211456	SSIM = 0.990409
counter = 49501	PSNR = 27.369931	SSIM = 0.990540
counter = 50001	PSNR = 27.550487	SSIM = 0.990786
counter = 50501	PSNR = 27.435975	SSIM = 0.990601
counter = 51001	PSNR = 27.183882	SSIM = 0.990244
counter = 51501	PSNR = 27.307202	SSIM = 0.990442
counter = 52001	PSNR = 27.463049	SSIM = 0.990702
counter = 52501	PSNR = 27.164834	SSIM = 0.990338
counter = 53001	PSNR = 27.404583	SSIM = 0.990455
counter = 53501	PSNR = 27.335952	SSIM = 0.990545
counter = 54001	PSNR = 27.343700	SSIM = 0.990557
counter = 54501	PSNR = 27.063664	SSIM = 0.989982
counter = 55001	PSNR = 27.181987	SSIM = 0.990184
counter = 55501	PSNR = 27.265885	SSIM = 0.990295
counter = 56001	PSNR = 27.310030	SSIM = 0.990310

# Train on 1W_4 from 56001 above:
counter = 500	PSNR = 28.342007	SSIM = 0.992580
counter = 1000	PSNR = 28.878446	SSIM = 0.993465
counter = 1500	PSNR = 28.339071	SSIM = 0.993015
counter = 2000	PSNR = 28.656463	SSIM = 0.993210
counter = 2500	PSNR = 28.427109	SSIM = 0.993072
counter = 3000	PSNR = 28.575962	SSIM = 0.993190
counter = 3500	PSNR = 28.777257	SSIM = 0.993396
counter = 4000	PSNR = 28.738965	SSIM = 0.993229
counter = 4500	PSNR = 28.653142	SSIM = 0.993343
counter = 5000	PSNR = 28.334807	SSIM = 0.992979
counter = 5500	PSNR = 28.059045	SSIM = 0.992709
counter = 6000	PSNR = 28.974654	SSIM = 0.993528
counter = 6500	PSNR = 28.530595	SSIM = 0.993150
counter = 7000	PSNR = 28.586323	SSIM = 0.993185
counter = 7500	PSNR = 28.653053	SSIM = 0.993165
counter = 8000	PSNR = 28.557286	SSIM = 0.993227
counter = 8500	PSNR = 28.251344	SSIM = 0.992800
counter = 9000	PSNR = 27.654840	SSIM = 0.992103
counter = 9500	PSNR = 28.589784	SSIM = 0.993146
counter = 10000	PSNR = 28.664011	SSIM = 0.993317
counter = 10500	PSNR = 28.723008	SSIM = 0.993407
counter = 11000	PSNR = 28.209036	SSIM = 0.992887
counter = 11500	PSNR = 28.461795	SSIM = 0.993016
counter = 12000	PSNR = 28.596440	SSIM = 0.993249
counter = 12500	PSNR = 28.611608	SSIM = 0.993323
counter = 13000	PSNR = 28.502511	SSIM = 0.993210
counter = 13500	PSNR = 28.273627	SSIM = 0.992954
counter = 14000	PSNR = 28.930641	SSIM = 0.993514
counter = 14500	PSNR = 28.342461	SSIM = 0.992927
counter = 15000	PSNR = 28.724040	SSIM = 0.993481
counter = 15500	PSNR = 28.463446	SSIM = 0.993107
counter = 16000	PSNR = 28.671862	SSIM = 0.993443
counter = 16500	PSNR = 28.493665	SSIM = 0.993128
counter = 17000	PSNR = 28.550152	SSIM = 0.993157
counter = 17500	PSNR = 28.640902	SSIM = 0.993222
counter = 18000	PSNR = 28.955743	SSIM = 0.993579
counter = 18500	PSNR = 28.670758	SSIM = 0.993362
counter = 19000	PSNR = 28.664375	SSIM = 0.993292
counter = 19500	PSNR = 28.410533	SSIM = 0.993039
counter = 20000	PSNR = 28.792927	SSIM = 0.993466
counter = 20500	PSNR = 28.514551	SSIM = 0.993166
counter = 21000	PSNR = 28.517189	SSIM = 0.992985
counter = 21500	PSNR = 28.605698	SSIM = 0.993289
counter = 22000	PSNR = 28.511080	SSIM = 0.993178
counter = 22500	PSNR = 28.661161	SSIM = 0.993380
counter = 23000	PSNR = 28.774438	SSIM = 0.993429
counter = 23500	PSNR = 28.540124	SSIM = 0.993279
counter = 24000	PSNR = 28.609751	SSIM = 0.993319
counter = 24500	PSNR = 28.759166	SSIM = 0.993390
counter = 25000	PSNR = 28.553445	SSIM = 0.993215
counter = 25500	PSNR = 28.832176	SSIM = 0.993422
counter = 26000	PSNR = 28.685660	SSIM = 0.993406
counter = 26500	PSNR = 28.510356	SSIM = 0.993187
counter = 27000	PSNR = 28.598391	SSIM = 0.993335
counter = 27500	PSNR = 28.689240	SSIM = 0.993473
counter = 28000	PSNR = 28.543219	SSIM = 0.993086
counter = 28500	PSNR = 28.573539	SSIM = 0.993215
counter = 29000	PSNR = 28.537749	SSIM = 0.993235
counter = 29500	PSNR = 28.442939	SSIM = 0.993224
counter = 30000	PSNR = 28.829855	SSIM = 0.993486
counter = 30500	PSNR = 28.743729	SSIM = 0.993377
counter = 31000	PSNR = 28.808372	SSIM = 0.993494
counter = 31500	PSNR = 28.470943	SSIM = 0.993210
counter = 32000	PSNR = 28.928000	SSIM = 0.993469
counter = 32500	PSNR = 28.481193	SSIM = 0.993174
counter = 33000	PSNR = 27.675125	SSIM = 0.992170
counter = 33500	PSNR = 28.666887	SSIM = 0.993348
counter = 34000	PSNR = 28.216278	SSIM = 0.992793
counter = 34500	PSNR = 28.515203	SSIM = 0.993160
counter = 35000	PSNR = 28.393825	SSIM = 0.993140
counter = 35500	PSNR = 28.687346	SSIM = 0.993403
counter = 36000	PSNR = 28.621296	SSIM = 0.993274
counter = 36500	PSNR = 28.737150	SSIM = 0.993450
counter = 37000	PSNR = 28.499885	SSIM = 0.993108
counter = 37500	PSNR = 28.054046	SSIM = 0.992545
counter = 38000	PSNR = 28.463417	SSIM = 0.993124
counter = 38500	PSNR = 28.506498	SSIM = 0.993224
counter = 39000	PSNR = 28.425892	SSIM = 0.993102
counter = 39500	PSNR = 28.559375	SSIM = 0.993140
counter = 40000	PSNR = 28.773474	SSIM = 0.993435
counter = 40500	PSNR = 28.749774	SSIM = 0.993395
counter = 41000	PSNR = 28.596843	SSIM = 0.993206
counter = 41500	PSNR = 28.786745	SSIM = 0.993431
counter = 42000	PSNR = 28.332848	SSIM = 0.993015
counter = 42500	PSNR = 28.557566	SSIM = 0.993046
counter = 43000	PSNR = 28.456119	SSIM = 0.993135
counter = 43500	PSNR = 28.606626	SSIM = 0.993263
counter = 44000	PSNR = 28.480559	SSIM = 0.993045
counter = 44500	PSNR = 28.739609	SSIM = 0.993398
counter = 45000	PSNR = 28.752034	SSIM = 0.993364
counter = 45500	PSNR = 28.502623	SSIM = 0.993108
counter = 46000	PSNR = 28.728285	SSIM = 0.993292
counter = 46500	PSNR = 28.937574	SSIM = 0.993579
counter = 47000	PSNR = 28.834309	SSIM = 0.993561
counter = 47500	PSNR = 28.719754	SSIM = 0.993409
counter = 48000	PSNR = 28.640126	SSIM = 0.993256
counter = 48500	PSNR = 28.826134	SSIM = 0.993455
counter = 49000	PSNR = 28.344919	SSIM = 0.992973
counter = 49500	PSNR = 28.333992	SSIM = 0.993041
counter = 50000	PSNR = 28.460999	SSIM = 0.993084
counter = 50500	PSNR = 28.777419	SSIM = 0.993370
counter = 51000	PSNR = 28.833391	SSIM = 0.993434
counter = 51500	PSNR = 28.579138	SSIM = 0.993084
counter = 52000	PSNR = 28.551244	SSIM = 0.993178
counter = 52500	PSNR = 28.736385	SSIM = 0.993398
counter = 53000	PSNR = 28.534445	SSIM = 0.993205
counter = 53500	PSNR = 28.514887	SSIM = 0.993159
counter = 54000	PSNR = 28.561457	SSIM = 0.993037
counter = 54500	PSNR = 28.594779	SSIM = 0.993160
counter = 55000	PSNR = 28.602013	SSIM = 0.993318
counter = 55500	PSNR = 28.646916	SSIM = 0.993256
counter = 56000	PSNR = 28.868930	SSIM = 0.993371
counter = 56500	PSNR = 28.502804	SSIM = 0.993053
counter = 57000	PSNR = 28.833594	SSIM = 0.993417
counter = 57500	PSNR = 28.673391	SSIM = 0.993295
counter = 58000	PSNR = 28.553441	SSIM = 0.993173
counter = 58500	PSNR = 28.769471	SSIM = 0.993373
counter = 59000	PSNR = 28.341396	SSIM = 0.993082
counter = 59500	PSNR = 28.616297	SSIM = 0.993232
counter = 60000	PSNR = 28.682648	SSIM = 0.993316

# Train on 1W_4 from 60000 above:
counter=0	 PSNR=28.684373	 SSIM=0.993320
counter=500	 PSNR=28.676490	 SSIM=0.993278
counter=1000	 PSNR=28.569067	 SSIM=0.993149
counter=1500	 PSNR=28.679653	 SSIM=0.993279
counter=2000	 PSNR=28.486739	 SSIM=0.993039
counter=2500	 PSNR=28.613821	 SSIM=0.993229
counter=3000	 PSNR=28.885900	 SSIM=0.993420
counter=3500	 PSNR=28.561768	 SSIM=0.993115
counter=4000	 PSNR=28.472617	 SSIM=0.993043
counter=4500	 PSNR=28.811480	 SSIM=0.993393
counter=5000	 PSNR=28.752038	 SSIM=0.993360
counter=5500	 PSNR=28.558516	 SSIM=0.993110
counter=6000	 PSNR=28.493130	 SSIM=0.993120
counter=6500	 PSNR=28.450935	 SSIM=0.992996
counter=7000	 PSNR=28.807657	 SSIM=0.993351
counter=7500	 PSNR=28.625544	 SSIM=0.993167
counter=8000	 PSNR=28.955945	 SSIM=0.993589
counter=8500	 PSNR=28.739166	 SSIM=0.993313
counter=9000	 PSNR=28.377198	 SSIM=0.992916
counter=9500	 PSNR=28.986398	 SSIM=0.993560
counter=10000	 PSNR=28.733943	 SSIM=0.993293
counter=10500	 PSNR=28.571525	 SSIM=0.993155
counter=11000	 PSNR=28.632656	 SSIM=0.993157
counter=11500	 PSNR=28.596672	 SSIM=0.993267
counter=12000	 PSNR=28.561063	 SSIM=0.993171
counter=12500	 PSNR=28.457772	 SSIM=0.993120
counter=13000	 PSNR=28.667397	 SSIM=0.993289
counter=13500	 PSNR=28.583488	 SSIM=0.993169
counter=14000	 PSNR=28.365601	 SSIM=0.992853
counter=14500	 PSNR=28.622822	 SSIM=0.993110
counter=15000	 PSNR=28.766007	 SSIM=0.993368
counter=15500	 PSNR=28.616296	 SSIM=0.993214
counter=16000	 PSNR=28.616713	 SSIM=0.993128
counter=16500	 PSNR=28.809302	 SSIM=0.993468
counter=17000	 PSNR=28.355190	 SSIM=0.992948
counter=17500	 PSNR=28.858036	 SSIM=0.993434
counter=18000	 PSNR=28.716709	 SSIM=0.993361
counter=18500	 PSNR=28.784139	 SSIM=0.993388
counter=19000	 PSNR=28.458780	 SSIM=0.992837
counter=19500	 PSNR=28.488036	 SSIM=0.993048
counter=20000	 PSNR=28.417418	 SSIM=0.993088
counter=20500	 PSNR=28.687183	 SSIM=0.993325
counter=21000	 PSNR=28.900166	 SSIM=0.993489
counter=21500	 PSNR=28.630167	 SSIM=0.993249
counter=22000	 PSNR=28.774181	 SSIM=0.993446
counter=22500	 PSNR=28.629990	 SSIM=0.993327
counter=23000	 PSNR=28.894818	 SSIM=0.993596
counter=23500	 PSNR=28.509857	 SSIM=0.993190
counter=24000	 PSNR=28.815715	 SSIM=0.993480
counter=24500	 PSNR=28.632672	 SSIM=0.993336
counter=25000	 PSNR=28.645491	 SSIM=0.993251
counter=25500	 PSNR=28.851355	 SSIM=0.993471
counter=26000	 PSNR=28.652954	 SSIM=0.993310
counter=26500	 PSNR=28.960796	 SSIM=0.993592
counter=27000	 PSNR=28.901772	 SSIM=0.993583
counter=27500	 PSNR=28.764903	 SSIM=0.993426
counter=28000	 PSNR=28.753945	 SSIM=0.993372
counter=28500	 PSNR=28.881444	 SSIM=0.993450
counter=29000	 PSNR=28.868951	 SSIM=0.993495
counter=29500	 PSNR=28.493338	 SSIM=0.993140
counter=30000	 PSNR=28.770712	 SSIM=0.993468
counter=30500	 PSNR=28.846881	 SSIM=0.993488
counter=31000	 PSNR=28.500650	 SSIM=0.993122
counter=31500	 PSNR=28.631190	 SSIM=0.993225
counter=32000	 PSNR=28.722347	 SSIM=0.993389
counter=32500	 PSNR=28.781083	 SSIM=0.993412
counter=33000	 PSNR=28.777786	 SSIM=0.993403
counter=33500	 PSNR=28.612972	 SSIM=0.993298
counter=34000	 PSNR=28.578439	 SSIM=0.993279
counter=34500	 PSNR=28.733124	 SSIM=0.993372
counter=35000	 PSNR=28.670166	 SSIM=0.993369
counter=35500	 PSNR=28.884720	 SSIM=0.993494
counter=36000	 PSNR=28.806455	 SSIM=0.993441
counter=36500	 PSNR=28.766021	 SSIM=0.993308
counter=37000	 PSNR=28.688798	 SSIM=0.993360
counter=37500	 PSNR=28.558921	 SSIM=0.993162
counter=38000	 PSNR=28.556741	 SSIM=0.993145
counter=38500	 PSNR=28.712358	 SSIM=0.993256
counter=39000	 PSNR=28.644293	 SSIM=0.993290
counter=39500	 PSNR=28.795604	 SSIM=0.993499
counter=40000	 PSNR=28.594887	 SSIM=0.993206
counter=40500	 PSNR=28.679492	 SSIM=0.993441
counter=41000	 PSNR=28.461662	 SSIM=0.993134
counter=41500	 PSNR=28.678614	 SSIM=0.993376
counter=42000	 PSNR=28.856559	 SSIM=0.993580
counter=42500	 PSNR=28.901889	 SSIM=0.993416
counter=43000	 PSNR=28.597133	 SSIM=0.993155
counter=43500	 PSNR=28.759359	 SSIM=0.993290
counter=44000	 PSNR=28.712784	 SSIM=0.993306
counter=44500	 PSNR=28.661827	 SSIM=0.993247
counter=45000	 PSNR=28.694997	 SSIM=0.993297
counter=45500	 PSNR=28.542782	 SSIM=0.993105
counter=46000	 PSNR=28.522084	 SSIM=0.993099
counter=46500	 PSNR=28.740097	 SSIM=0.993386
counter=47000	 PSNR=28.672203	 SSIM=0.993230
counter=47500	 PSNR=28.665518	 SSIM=0.993213
counter=48000	 PSNR=28.676085	 SSIM=0.993255
counter=48500	 PSNR=28.233976	 SSIM=0.992747
counter=49000	 PSNR=28.620396	 SSIM=0.993205
counter=49500	 PSNR=28.738523	 SSIM=0.993290
counter=50000	 PSNR=28.619047	 SSIM=0.993199
counter=50500	 PSNR=28.584505	 SSIM=0.993195
counter=51000	 PSNR=28.624939	 SSIM=0.993178
counter=51500	 PSNR=28.840502	 SSIM=0.993462
counter=52000	 PSNR=28.723636	 SSIM=0.993357
counter=52500	 PSNR=28.557239	 SSIM=0.993091
counter=53000	 PSNR=28.616731	 SSIM=0.993243
counter=53500	 PSNR=28.722061	 SSIM=0.993423
counter=54000	 PSNR=28.794408	 SSIM=0.993428
counter=54500	 PSNR=28.565201	 SSIM=0.993178
counter=55000	 PSNR=28.860571	 SSIM=0.993550
counter=55500	 PSNR=28.499534	 SSIM=0.993178
counter=56000	 PSNR=28.594416	 SSIM=0.993265
counter=56500	 PSNR=28.641081	 SSIM=0.993236
counter=57000	 PSNR=28.704499	 SSIM=0.993387
counter=57500	 PSNR=28.625049	 SSIM=0.993241
counter=58000	 PSNR=28.329946	 SSIM=0.993042
counter=58500	 PSNR=28.405766	 SSIM=0.992990
counter=59000	 PSNR=28.711264	 SSIM=0.993390
counter=59500	 PSNR=28.529743	 SSIM=0.993163
counter=60000	 PSNR=28.934739	 SSIM=0.993643
counter=60500	 PSNR=28.653870	 SSIM=0.993275
counter=61000	 PSNR=28.509738	 SSIM=0.993085
counter=61500	 PSNR=28.602999	 SSIM=0.993137
counter=62000	 PSNR=28.720207	 SSIM=0.993282
counter=62500	 PSNR=28.822036	 SSIM=0.993517
counter=63000	 PSNR=28.561432	 SSIM=0.993136
counter=63500	 PSNR=28.669833	 SSIM=0.993269
counter=64000	 PSNR=28.824554	 SSIM=0.993463
counter=64500	 PSNR=28.696441	 SSIM=0.993265
counter=65000	 PSNR=28.607137	 SSIM=0.993230
counter=65500	 PSNR=28.807667	 SSIM=0.993511
counter=66000	 PSNR=28.872411	 SSIM=0.993517
counter=66500	 PSNR=28.933982	 SSIM=0.993598
counter=67000	 PSNR=28.629066	 SSIM=0.993204
counter=67500	 PSNR=28.569592	 SSIM=0.993209
counter=68000	 PSNR=28.595722	 SSIM=0.993249
counter=68500	 PSNR=28.695245	 SSIM=0.993374
counter=69000	 PSNR=28.813757	 SSIM=0.993361
counter=69500	 PSNR=28.732477	 SSIM=0.993341
counter=70000	 PSNR=28.453108	 SSIM=0.993099
counter=70500	 PSNR=28.812346	 SSIM=0.993444
counter=71000	 PSNR=28.943231	 SSIM=0.993550
counter=71500	 PSNR=28.676165	 SSIM=0.993212
counter=72000	 PSNR=28.628654	 SSIM=0.993165
counter=72500	 PSNR=28.551208	 SSIM=0.993215
counter=73000	 PSNR=28.824440	 SSIM=0.993438
counter=73500	 PSNR=28.618781	 SSIM=0.993188
counter=74000	 PSNR=28.494142	 SSIM=0.993069
counter=74500	 PSNR=28.642885	 SSIM=0.993291
counter=75000	 PSNR=28.693341	 SSIM=0.993200
counter=75500	 PSNR=28.841280	 SSIM=0.993331
counter=76000	 PSNR=28.699301	 SSIM=0.993218
counter=76500	 PSNR=28.578936	 SSIM=0.993163
counter=77000	 PSNR=28.734675	 SSIM=0.993384
counter=77500	 PSNR=28.631420	 SSIM=0.993176
counter=78000	 PSNR=28.383723	 SSIM=0.992933
counter=78500	 PSNR=28.668632	 SSIM=0.993226
counter=79000	 PSNR=28.543259	 SSIM=0.993091
counter=79500	 PSNR=28.639627	 SSIM=0.993213
counter=80000	 PSNR=28.479604	 SSIM=0.993017
counter=80500	 PSNR=28.760300	 SSIM=0.993351
counter=81000	 PSNR=28.443006	 SSIM=0.993082
counter=81500	 PSNR=28.472807	 SSIM=0.993039
counter=82000	 PSNR=28.464927	 SSIM=0.992910
counter=82500	 PSNR=28.759369	 SSIM=0.993303
counter=83000	 PSNR=28.583824	 SSIM=0.993120
counter=83500	 PSNR=28.686421	 SSIM=0.993310
counter=84000	 PSNR=28.640108	 SSIM=0.993233
counter=84500	 PSNR=28.434897	 SSIM=0.992940
counter=85000	 PSNR=28.559177	 SSIM=0.993076
counter=85500	 PSNR=28.495861	 SSIM=0.992953
counter=86000	 PSNR=28.569696	 SSIM=0.993137
counter=86500	 PSNR=28.473537	 SSIM=0.993047
counter=87000	 PSNR=28.386519	 SSIM=0.992956
counter=87500	 PSNR=28.646024	 SSIM=0.993186
counter=88000	 PSNR=28.562154	 SSIM=0.993052
counter=88500	 PSNR=28.670411	 SSIM=0.993199
counter=89000	 PSNR=28.560032	 SSIM=0.992991
counter=89500	 PSNR=28.619968	 SSIM=0.993109
counter=90000	 PSNR=28.514330	 SSIM=0.993023
counter=90500	 PSNR=28.477741	 SSIM=0.993037
counter=91000	 PSNR=28.547337	 SSIM=0.993040
counter=91500	 PSNR=28.534702	 SSIM=0.993024
counter=92000	 PSNR=28.630157	 SSIM=0.992875
counter=92500	 PSNR=28.683029	 SSIM=0.993153
counter=93000	 PSNR=28.356988	 SSIM=0.992832
counter=93500	 PSNR=28.666766	 SSIM=0.993128
counter=94000	 PSNR=28.479957	 SSIM=0.992926
counter=94500	 PSNR=28.419502	 SSIM=0.992903
counter=95000	 PSNR=28.538745	 SSIM=0.993064
counter=95500	 PSNR=28.467516	 SSIM=0.993007
counter=96000	 PSNR=28.564210	 SSIM=0.993131
counter=96500	 PSNR=28.417717	 SSIM=0.992751
counter=97000	 PSNR=28.702009	 SSIM=0.993275
counter=97500	 PSNR=28.502539	 SSIM=0.993028
counter=98000	 PSNR=28.550190	 SSIM=0.993133
counter=98500	 PSNR=28.552052	 SSIM=0.992951
counter=99000	 PSNR=28.483865	 SSIM=0.992874
counter=99500	 PSNR=28.569618	 SSIM=0.993112
counter=100000	 PSNR=28.494061	 SSIM=0.992873

# Train on 1W_4 from 60000 previous:(->BGR)
num=1		[PSNR SSIM] = [ 29.20117037   0.99333327  29.00649412]
@num=501	[PSNR SSIM] = [ 30.17184897   0.99461669  30.00942456]
@num=1001	[PSNR SSIM] = [ 30.1504014    0.99458557  29.9871542 ]
@num=1501	[PSNR SSIM] = [ 30.20363341   0.99465617  30.04223023]
@num=2001	[PSNR SSIM] = [ 30.18166501   0.99460809  30.01892813]
@num=2501	[PSNR SSIM] = [ 30.34552822   0.9948231   30.18843233]
num=3001	[PSNR SSIM] = [ 30.17516195   0.99460348  30.01232102]
num=3501	[PSNR SSIM] = [ 30.11099057   0.99450916  29.94565604]
@num=4001	[PSNR SSIM] = [ 30.46770895   0.99492189  30.31299062]
@num=4501	[PSNR SSIM] = [ 30.44164199   0.99486786  30.28541129]
@num=5001	[PSNR SSIM] = [ 30.40606248   0.99485378  30.24958616]
@num=5501	[PSNR SSIM] = [ 30.61552245   0.99506606  30.46446723]
num=6001	[PSNR SSIM] = [ 29.87271339   0.99443233  29.70639205]
num=6501	[PSNR SSIM] = [ 30.22665847   0.99467902  30.06582308]
@num=7001	[PSNR SSIM] = [ 30.40541444   0.99487662  30.24963591]
num=7501	[PSNR SSIM] = [ 30.32548461   0.99474607  30.16615671]
@num=8001	[PSNR SSIM] = [ 30.46692679   0.99495743  30.31329509]
@num=8501	[PSNR SSIM] = [ 30.61355567   0.99509182  30.46329885]
@num=9001	[PSNR SSIM] = [ 30.44951446   0.99490786  30.29446118]
num=9501	[PSNR SSIM] = [ 30.25729855   0.99466802  30.0959672 ]
num=10001	[PSNR SSIM] = [ 30.30339345   0.99473445  30.1438295 ]
num=10501	[PSNR SSIM] = [ 30.26339716   0.99472584  30.10378303]
@num=11001	[PSNR SSIM] = [ 30.53435108   0.99498512  30.38122494]
@num=11501	[PSNR SSIM] = [ 30.60988595   0.99503976  30.45805372]
@num=12001	[PSNR SSIM] = [ 30.66453663   0.99510915  30.51456104]
@num=12501	[PSNR SSIM] = [ 30.65726056   0.99511296  30.50743732]
@num=13001	[PSNR SSIM] = [ 30.68552209   0.99514557  30.53656124]
num=13501	[PSNR SSIM] = [ 30.3277049    0.9947615   30.16883333]
num=14001	[PSNR SSIM] = [ 30.36556624   0.99478368  30.20716983]
num=14501	[PSNR SSIM] = [ 30.39633558   0.99484142  30.23953357]
num=15001	[PSNR SSIM] = [ 30.07878522   0.99451294  29.91374124]
num=15501	[PSNR SSIM] = [ 30.57711525   0.99501036  30.42454638]
num=16001	[PSNR SSIM] = [ 30.42771798   0.99486479  30.27146515]
num=16501	[PSNR SSIM] = [ 30.40846795   0.99481319  30.25074508]
num=17001	[PSNR SSIM] = [ 30.58803884   0.99501728  30.43562711]
num=17501	[PSNR SSIM] = [ 30.32865075   0.99474807  30.16936693]
num=18001	[PSNR SSIM] = [ 30.52585456   0.99496484  30.37215185]
@num=18501	[PSNR SSIM] = [ 30.7560592    0.99520798  30.60867544]
@num=19001	[PSNR SSIM] = [ 30.63487186   0.99509759  30.48468709]
num=19501	[PSNR SSIM] = [ 30.59821178   0.99507499  30.44751526]
@num=20001	[PSNR SSIM] = [ 30.67644345   0.99511248  30.52651169]
@num=20501	[PSNR SSIM] = [ 30.66815143   0.99511515  30.51834204]
num=21001	[PSNR SSIM] = [ 30.37606131   0.99480451  30.21824278]
@num=21501	[PSNR SSIM] = [ 30.75049022   0.99520715  30.60310771]
num=22001	[PSNR SSIM] = [ 30.2973461    0.99477679  30.1390966 ]
num=22501	[PSNR SSIM] = [ 30.58236477   0.99504837  30.43093212]
num=23001	[PSNR SSIM] = [ 30.50298205   0.994938    30.3485761 ]
num=23501	[PSNR SSIM] = [ 30.64167394   0.99512306  30.49223638]
num=24001	[PSNR SSIM] = [ 30.27773376   0.99472879  30.11813332]
num=24501	[PSNR SSIM] = [ 30.48550656   0.99492409  30.33076483]
num=25001	[PSNR SSIM] = [ 30.6438325    0.99509433  30.49350385]
num=25501	[PSNR SSIM] = [ 30.64639096   0.99511405  30.49665436]
num=26001	[PSNR SSIM] = [ 30.63240244   0.99506986  30.48138048]
@num=26501	[PSNR SSIM] = [ 30.77533398   0.99521948  30.6282118 ]
num=27001	[PSNR SSIM] = [ 30.43014143   0.99486547  30.273897  ]
num=27501	[PSNR SSIM] = [ 30.46482675   0.99495379  30.31109484]
num=28001	[PSNR SSIM] = [ 29.88198059   0.99429228  29.7114225 ]
num=28501	[PSNR SSIM] = [ 30.50290689   0.99493538  30.34842117]
num=29001	[PSNR SSIM] = [ 30.45275008   0.99490229  30.2975108 ]
num=29501	[PSNR SSIM] = [ 30.48590619   0.99495565  30.33212446]
num=30001	[PSNR SSIM] = [ 30.13192864   0.99452709  29.96701917]
num=30501	[PSNR SSIM] = [ 30.19334096   0.99461136  30.03063999]
num=31001	[PSNR SSIM] = [ 30.37414412   0.99478082  30.21561595]
@num=31501	[PSNR SSIM] = [ 30.69794006   0.9951525   30.54913189]
num=32001	[PSNR SSIM] = [ 30.29581919   0.99476101  30.13709957]
num=32501	[PSNR SSIM] = [ 30.32964055   0.99478073  30.17134208]
num=33001	[PSNR SSIM] = [ 30.48946201   0.99497347  30.33620586]
num=33501	[PSNR SSIM] = [ 30.65420018   0.99511522  30.50446103]
num=34001	[PSNR SSIM] = [ 30.36336047   0.99478848  30.20512106]
@num=34501	[PSNR SSIM] = [ 30.75587163   0.99521195  30.60861098]
num=35001	[PSNR SSIM] = [ 30.10713758   0.99453428  29.94258045]
num=35501	[PSNR SSIM] = [ 30.56751519   0.99500415  30.41480447]
num=36001	[PSNR SSIM] = [ 30.36179243   0.9947642   30.20282403]
num=36501	[PSNR SSIM] = [ 30.38669499   0.99481847  30.22924532]
num=37001	[PSNR SSIM] = [ 30.32061407   0.99475259  30.16150929]
num=37501	[PSNR SSIM] = [ 30.6930261    0.99514594  30.54404021]
num=38001	[PSNR SSIM] = [ 30.646453     0.99510756  30.49651718]
num=38501	[PSNR SSIM] = [ 30.61407142   0.99504245  30.46230057]
@num=39001	[PSNR SSIM] = [ 30.78289362   0.99523026  30.6360671 ]
@num=39501	[PSNR SSIM] = [ 30.73493931   0.99519865  30.58737004]
num=40001	[PSNR SSIM] = [ 30.55664193   0.99500128  30.40389775]
num=40501	[PSNR SSIM] = [ 30.16460982   0.99457     30.00081612]
num=41001	[PSNR SSIM] = [ 30.3172245   0.9947633  30.1584623]
num=41501	[PSNR SSIM] = [ 30.64766757   0.99511169  30.49785219]
@num=42001	[PSNR SSIM] = [ 30.8050967    0.9952458   30.65864321]
num=42501	[PSNR SSIM] = [ 30.4769017    0.99492229  30.32214869]
num=43001	[PSNR SSIM] = [ 30.41878746   0.994847    30.26203938]
num=43501	[PSNR SSIM] = [ 30.63196279   0.99511168  30.48222387]
num=44001	[PSNR SSIM] = [ 30.58720196   0.99504079  30.43551367]
num=44501	[PSNR SSIM] = [ 30.36558608   0.99476665  30.20667244]
num=45001	[PSNR SSIM] = [ 30.57939737   0.9950364   30.42761357]
num=45501	[PSNR SSIM] = [ 30.32516933   0.99472531  30.16521351]
num=46001	[PSNR SSIM] = [ 30.53573824   0.99499822  30.38300533]
num=46501	[PSNR SSIM] = [ 30.49222925   0.99491972  30.33732024]
num=47001	[PSNR SSIM] = [ 30.31360181   0.99472987  30.15384506]
num=47501	[PSNR SSIM] = [ 30.49487047   0.9949325   30.34033775]
num=48001	[PSNR SSIM] = [ 30.36277384   0.99478496  30.20443064]
num=48501	[PSNR SSIM] = [ 30.20853145   0.99459346  30.04520781]
num=49001	[PSNR SSIM] = [ 30.72483522   0.99517811  30.57668343]
num=49501	[PSNR SSIM] = [ 30.51367621   0.99497229  30.3602623 ]
num=50001	[PSNR SSIM] = [ 30.56979281   0.99502774  30.41779173]
num=50501	[PSNR SSIM] = [ 30.40001379   0.99482209  30.24260533]
@num=51001	[PSNR SSIM] = [ 30.75937044   0.9952029   30.61181461]
num=51501	[PSNR SSIM] = [ 30.19182138   0.99464394  30.0301123 ]
num=52001	[PSNR SSIM] = [ 30.36080923   0.99478315  30.20242152]
num=52501	[PSNR SSIM] = [ 30.65817478   0.99508811  30.50758525]
num=53001	[PSNR SSIM] = [ 30.56287267   0.99501013  30.41036783]
num=53501	[PSNR SSIM] = [ 30.47915133   0.99491191  30.32407079]
num=54001	[PSNR SSIM] = [ 30.66687603   0.99510645  30.51680607]
num=54501	[PSNR SSIM] = [ 30.51925154   0.99493596  30.36470077]
num=55001	[PSNR SSIM] = [ 30.53865348   0.99498073  30.38537188]
num=55501	[PSNR SSIM] = [ 30.58963044   0.99502235  30.43736586]
num=56001	[PSNR SSIM] = [ 30.43268214   0.99485724  30.27617411]
num=56501	[PSNR SSIM] = [ 30.38798893   0.99479903  30.22994195]
num=57001	[PSNR SSIM] = [ 30.54134368   0.99497338  30.3878239 ]
num=57501	[PSNR SSIM] = [ 30.45855589   0.99489798  30.30315574]
num=58001	[PSNR SSIM] = [ 30.70425879   0.99514755  30.555268  ]
num=58501	[PSNR SSIM] = [ 30.48554724   0.99491284  30.33046248]
num=59001	[PSNR SSIM] = [ 30.46360182   0.99490114  30.30827218]
num=59501	[PSNR SSIM] = [ 30.60776527   0.99501925  30.45531559]
num=60001	[PSNR SSIM] = [ 30.5906232    0.99504109  30.438927  ]
num=60501	[PSNR SSIM] = [ 30.43861016   0.9948715   30.28250587]
num=61001	[PSNR SSIM] = [ 30.34151398   0.99473799  30.1818565 ]
num=61501	[PSNR SSIM] = [ 30.40521529   0.99483087  30.24804686]
num=62001	[PSNR SSIM] = [ 30.32218303   0.99474541  30.16285232]
num=62501	[PSNR SSIM] = [ 30.52302876   0.99496055  30.36920941]
num=63001	[PSNR SSIM] = [ 30.50913466   0.99494515  30.35491564]
num=63501	[PSNR SSIM] = [ 30.50686008   0.99494965  30.35278967]
num=64001	[PSNR SSIM] = [ 30.36968371   0.99481841  30.21232032]
num=64501	[PSNR SSIM] = [ 30.36428009   0.99478593  30.20595862]
num=65001	[PSNR SSIM] = [ 30.40563488   0.99486978  30.2496472 ]
num=65501	[PSNR SSIM] = [ 30.46756443   0.9948805   30.31158579]
num=66001	[PSNR SSIM] = [ 30.51383197   0.99497049  30.36036242]
num=66501	[PSNR SSIM] = [ 30.36883309   0.99479934  30.21089502]
num=67001	[PSNR SSIM] = [ 30.58517578   0.99503323  30.43326611]
num=67501	[PSNR SSIM] = [ 30.54481676   0.99495988  30.39086708]
num=68001	[PSNR SSIM] = [ 30.34774927   0.99476989  30.18902727]
num=68501	[PSNR SSIM] = [ 30.35401164   0.99484536  30.19754749]
num=69001	[PSNR SSIM] = [ 30.53013867   0.99495281  30.37604727]
num=69501	[PSNR SSIM] = [ 30.58748701   0.99504757  30.43600456]
num=70001	[PSNR SSIM] = [ 30.46095054   0.99489362  30.30540544]
num=70501	[PSNR SSIM] = [ 30.26579882   0.99466988  30.10447854]
num=71001	[PSNR SSIM] = [ 30.62390212   0.99507297  30.47301725]
num=71501	[PSNR SSIM] = [ 30.13854654   0.99452783  29.97362315]
num=72001	[PSNR SSIM] = [ 30.63677012   0.99506862  30.48568862]
num=72501	[PSNR SSIM] = [ 30.50517102   0.99496008  30.35142738]
num=73001	[PSNR SSIM] = [ 30.44924518   0.99486654  30.29293512]
num=73501	[PSNR SSIM] = [ 30.379496     0.9947978   30.22145577]
num=74001	[PSNR SSIM] = [ 30.66797562   0.9951101   30.51801224]
num=74501	[PSNR SSIM] = [ 30.44485467   0.99487269  30.28875447]
num=75001	[PSNR SSIM] = [ 30.51850461   0.99495899  30.36466055]
num=75501	[PSNR SSIM] = [ 30.24310004   0.99467354  30.08201126]
num=76001	[PSNR SSIM] = [ 30.65292361   0.99508031  30.50212057]
num=76501	[PSNR SSIM] = [ 30.5907552    0.9950348   30.43886596]
num=77001	[PSNR SSIM] = [ 30.18022156   0.9947847   30.02282266]
num=77501	[PSNR SSIM] = [ 30.58689424   0.99503394  30.43499775]
num=78001	[PSNR SSIM] = [ 30.47202655   0.99490699  30.3168322 ]
num=78501	[PSNR SSIM] = [ 30.40771593   0.99487181  30.25177946]
num=79001	[PSNR SSIM] = [ 30.51396859   0.9949646   30.36031852]
num=79501	[PSNR SSIM] = [ 30.42940207   0.99485494  30.27284089]
num=80001	[PSNR SSIM] = [ 30.33697417   0.99476073  30.17803052]
num=80501	[PSNR SSIM] = [ 30.65761159   0.995091    30.50711334]
num=81001	[PSNR SSIM] = [ 30.5474821    0.99496086  30.39354903]
num=81501	[PSNR SSIM] = [ 30.53344303   0.99494138  30.37898605]
num=82001	[PSNR SSIM] = [ 30.292792     0.99471335  30.13264471]
num=82501	[PSNR SSIM] = [ 30.09698309   0.99447553  29.93071334]
num=83001	[PSNR SSIM] = [ 30.310128     0.99471609  30.14997194]
num=83501	[PSNR SSIM] = [ 30.36861985   0.99478761  30.2103267 ]
num=84001	[PSNR SSIM] = [ 30.32296359   0.99473201  30.16322252]
num=84501	[PSNR SSIM] = [ 30.40954647   0.9948301   30.25233218]
num=85001	[PSNR SSIM] = [ 30.15368507   0.99452046  29.9884566 ]
num=85501	[PSNR SSIM] = [ 30.30274416   0.99471845  30.14269885]
num=86001	[PSNR SSIM] = [ 30.54691133   0.99498948  30.39385538]
num=86501	[PSNR SSIM] = [ 30.38916289   0.99480184  30.23119521]
num=87001	[PSNR SSIM] = [ 30.24457348   0.99464043  30.08247559]
num=87501	[PSNR SSIM] = [ 30.59141042   0.99505765  30.440217  ]
num=88001	[PSNR SSIM] = [ 30.24545904   0.99463926  30.08332107]
num=88501	[PSNR SSIM] = [ 30.43244616   0.99485629  30.27591059]
num=89001	[PSNR SSIM] = [ 30.46375464   0.99489067  30.30810515]
num=89501	[PSNR SSIM] = [ 30.2280253    0.99462978  30.06569426]
num=90001	[PSNR SSIM] = [ 30.28084865   0.99466864  30.11941069]
num=90501	[PSNR SSIM] = [ 30.3617385    0.99477363  30.2030569 ]
num=91001	[PSNR SSIM] = [ 30.34102493   0.99474001  30.18143147]
num=91501	[PSNR SSIM] = [ 30.17210561   0.99453231  30.007134  ]
num=92001	[PSNR SSIM] = [ 30.32685814   0.99473672  30.16723929]
num=92501	[PSNR SSIM] = [ 30.25413326   0.99464909  30.09224624]

# Train on 1W_1(mixed-size) from 42001 above(uniform size):
num=0	[PSNR SSIM] = [ 30.47288969   0.99487039  30.31657557]
@num=500	[PSNR SSIM] = [ 30.16426233   0.99464264  30.00266147]
@num=1000	[PSNR SSIM] = [ 30.17048452   0.99470804  30.01082355]
num=1500	[PSNR SSIM] = [ 30.10700111   0.99451211  29.94177727]
@num=2000	[PSNR SSIM] = [ 30.37002824   0.99478769  30.21173014]
@num=2500	[PSNR SSIM] = [ 30.31481319   0.99474534  30.15551927]
@num=3000	[PSNR SSIM] = [ 30.3253668    0.99472471  30.16539172]
@num=3500	[PSNR SSIM] = [ 30.32908511   0.99476053  30.17017674]
num=4000	[PSNR SSIM] = [ 30.07615818   0.99445495  29.90938427]
num=4500	[PSNR SSIM] = [ 29.92629588   0.99428917  29.75539175]
@num=5000	[PSNR SSIM] = [ 30.45165021   0.99487358  30.29554241]
@num=5500	[PSNR SSIM] = [ 30.33211131   0.99477565  30.17364572]
num=6000	[PSNR SSIM] = [ 30.2886678   0.9946934  30.1279379]
num=6500	[PSNR SSIM] = [ 30.20180324   0.99460415  30.03883895]
@num=7000	[PSNR SSIM] = [ 30.3789085    0.99479778  30.22087059]
num=7500	[PSNR SSIM] = [ 30.07626458   0.99445753  29.90956791]
num=8000	[PSNR SSIM] = [ 30.25558178   0.99464119  30.09344791]
num=8500	[PSNR SSIM] = [ 30.29779093   0.99469968  30.13720291]
@num=9000	[PSNR SSIM] = [ 30.4158489    0.99481685  30.25819884]
num=9500	[PSNR SSIM] = [ 30.19889811   0.99458514  30.03537538]
@num=10000	[PSNR SSIM] = [ 30.53898054   0.9949783   30.38562288]
num=10500	[PSNR SSIM] = [ 30.09439917   0.99451026  29.92918867]
num=11000	[PSNR SSIM] = [ 30.30835349   0.99471307  30.14811544]
num=11500	[PSNR SSIM] = [ 30.20639087   0.99459619  30.04316132]
num=12000	[PSNR SSIM] = [ 30.28016788   0.99470871  30.11994662]
num=12500	[PSNR SSIM] = [ 30.34673417   0.99474381  30.18722608]
@num=13000	[PSNR SSIM] = [ 30.57816694   0.99505217  30.42687143]
num=13500	[PSNR SSIM] = [ 30.11498494   0.99458701  29.9519728 ]
@num=14000	[PSNR SSIM] = [ 30.53999647   0.99496928  30.38635837]
num=14500	[PSNR SSIM] = [ 30.23221517   0.99462899  30.06983768]

# Train on 1W_2(mixed-size) from 42001 previous(resize dynamicly):
num=0	[PSNR SSIM] = [ 30.25047655   0.99437574  30.08033991]
@num=500	[PSNR SSIM] = [ 29.96433292   0.99421634  29.79102949]
@num=1000	[PSNR SSIM] = [ 29.91167351   0.9941174   29.73571503]
@num=1500	[PSNR SSIM] = [ 30.09616795   0.99435811  29.92636862]
num=2000	[PSNR SSIM] = [ 29.82272323   0.99402728  29.64460044]
@num=2500	[PSNR SSIM] = [ 30.2553006    0.99451968  30.08949196]
@num=3000	[PSNR SSIM] = [ 30.12424185   0.99439993  29.95554399]
num=3500	[PSNR SSIM] = [ 29.95777664   0.99426423  29.78594569]
@num=4000	[PSNR SSIM] = [ 30.30881389   0.99459235  30.14491439]
num=4500	[PSNR SSIM] = [ 30.07400257   0.99438688  29.90519363]
num=5000	[PSNR SSIM] = [ 29.98956416   0.99430157  29.81867074]
num=5500	[PSNR SSIM] = [ 29.9512461    0.99415469  29.77617175]
num=6000	[PSNR SSIM] = [ 29.9704238    0.99418094  29.79602407]
@num=6500	[PSNR SSIM] = [ 30.26920558   0.99456006  30.10454288]
num=7000	[PSNR SSIM] = [ 29.97374871   0.99420924  29.80017803]
@num=7500	[PSNR SSIM] = [ 30.23742367   0.99453778  30.07226025]
num=8000	[PSNR SSIM] = [ 30.03161462   0.99433611  29.8615189 ]
num=8500	[PSNR SSIM] = [ 30.13626535   0.99439078  29.96722444]
@num=9000	[PSNR SSIM] = [ 30.37193677   0.9946274   30.20876059]
num=9500	[PSNR SSIM] = [ 30.13844846   0.99441458  29.97011245]
num=10000	[PSNR SSIM] = [ 29.89145446   0.99410486  29.71524024]
num=10500	[PSNR SSIM] = [ 29.95911279   0.99416507  29.78430345]
@num=11000	[PSNR SSIM] = [ 30.23964668   0.99452771  30.07416667]
@num=11500	[PSNR SSIM] = [ 30.36144109   0.99461939  30.19807814]
@num=12000	[PSNR SSIM] = [ 30.30082077   0.99456047  30.13599843]
num=12500	[PSNR SSIM] = [ 30.19328169   0.99443781  30.02534105]
num=13000	[PSNR SSIM] = [ 30.24128923   0.99449465  30.0748002 ]
num=13500	[PSNR SSIM] = [ 30.22636285   0.994513    30.06051073]
@num=14000	[PSNR SSIM] = [ 30.29185198   0.99455869  30.12702468]
num=14500	[PSNR SSIM] = [ 30.04804515   0.99432327  29.87747044]
num=15000	[PSNR SSIM] = [ 29.8852137    0.99410714  29.70910434]
num=15500	[PSNR SSIM] = [ 30.11549359   0.99435581  29.94551615]
num=16000	[PSNR SSIM] = [ 30.01396487   0.99420632  29.84007361]
num=16500	[PSNR SSIM] = [ 30.01387781   0.99430635  29.84298926]
num=17000	[PSNR SSIM] = [ 30.01513016   0.99427361  29.84325173]
num=17500	[PSNR SSIM] = [ 29.73018944   0.99409979  29.55477517]
@num=18000	[PSNR SSIM] = [ 30.27679226   0.9945377   30.11141132]
@num=18500	[PSNR SSIM] = [ 30.33406292   0.99459595  30.1701361 ]
num=19000	[PSNR SSIM] = [ 29.88581206   0.99411499  29.7099337 ]
num=19500	[PSNR SSIM] = [ 29.94359336   0.99413157  29.76787162]
num=20000	[PSNR SSIM] = [ 30.0822262    0.99431015  29.91106276]
@num=20500	[PSNR SSIM] = [ 30.36695474   0.9946229   30.20366852]
num=21000	[PSNR SSIM] = [ 30.21116321   0.99445202  30.04355228]
num=21500	[PSNR SSIM] = [ 29.98039156   0.99420394  29.80662348]
num=22000	[PSNR SSIM] = [ 30.15864771   0.99442565  29.99053281]
num=22500	[PSNR SSIM] = [ 30.02820183   0.99423394  29.85505743]
num=23000	[PSNR SSIM] = [ 29.89331606   0.99409484  29.71679133]
num=23500	[PSNR SSIM] = [ 30.04715007   0.99428185  29.87533595]
num=24000	[PSNR SSIM] = [ 30.07052704   0.99430028  29.89913345]
num=24500	[PSNR SSIM] = [ 30.17737486   0.99441291  30.00877122]
num=25000	[PSNR SSIM] = [ 30.12367851   0.99433041  29.95288947]
@num=25500	[PSNR SSIM] = [ 30.46439002   0.99473421  30.30397098]
num=26000	[PSNR SSIM] = [ 30.13621946   0.99434942  29.96593233]
num=26500	[PSNR SSIM] = [ 30.13695613   0.99433363  29.96618907]
num=27000	[PSNR SSIM] = [ 30.00570195   0.9942303   29.83257796]
num=27500	[PSNR SSIM] = [ 29.99684659   0.99424074  29.82408699]
num=28000	[PSNR SSIM] = [ 30.00752587   0.99424727  29.83490065]
num=28500	[PSNR SSIM] = [ 30.27591132   0.99453222  30.11036944]
num=29000	[PSNR SSIM] = [ 29.97506976   0.99419839  29.80116598]
num=29500	[PSNR SSIM] = [ 30.15728825   0.99439014  29.98811004]
num=30000	[PSNR SSIM] = [ 30.17392614   0.99438878  30.00461368]
num=30500	[PSNR SSIM] = [ 30.14959041   0.99438042  29.98016245]
num=31000	[PSNR SSIM] = [ 29.99753788   0.99420736  29.82377304]
num=31500	[PSNR SSIM] = [ 29.88714953   0.99407621  29.71010422]
num=32000	[PSNR SSIM] = [ 30.1602633    0.99437422  29.99058825]
num=32500	[PSNR SSIM] = [ 30.05527525   0.99425204  29.88251861]
num=33000	[PSNR SSIM] = [ 29.98826995   0.99419378  29.81415135]
num=33500	[PSNR SSIM] = [ 30.01260475   0.99421     29.83883173]
num=34000	[PSNR SSIM] = [ 29.89316267   0.99406498  29.71574617]
num=34500	[PSNR SSIM] = [ 30.03602412   0.99418328  29.8613129 ]
num=35000	[PSNR SSIM] = [ 29.93211505   0.99412611  29.7562971 ]
num=35500	[PSNR SSIM] = [ 30.10889756   0.99431583  29.93775334]
num=36000	[PSNR SSIM] = [ 30.20184606   0.99441573  30.03319075]
num=36500	[PSNR SSIM] = [ 29.99788581   0.99425676  29.82560068]
num=37000	[PSNR SSIM] = [ 30.06736957   0.99427492  29.89523153]
num=37500	[PSNR SSIM] = [ 30.07926795   0.99427475  29.90705667]
num=38000	[PSNR SSIM] = [ 30.11548811   0.99435132  29.94537532]
num=38500	[PSNR SSIM] = [ 29.82276852   0.99398322  29.64333161]
num=39000	[PSNR SSIM] = [ 29.85788748   0.99407451  29.68096486]
num=39500	[PSNR SSIM] = [ 30.22239626   0.99446819  30.05521175]
num=40000	[PSNR SSIM] = [ 29.64489211   0.99378084  29.46052572]
num=40500	[PSNR SSIM] = [ 30.06300568   0.99425176  29.89019632]
num=41000	[PSNR SSIM] = [ 29.88253825   0.99404491  29.70458518]
num=41500	[PSNR SSIM] = [ 30.00640158   0.99428513  29.83491903]
num=42000	[PSNR SSIM] = [ 30.16454037   0.99438321  29.99511238]
num=42500	[PSNR SSIM] = [ 30.0859997    0.9943197   29.91510235]
num=43000	[PSNR SSIM] = [ 30.18658104   0.99444968  30.0190359 ]
num=43500	[PSNR SSIM] = [ 29.85350555   0.99406555  29.67634146]
num=44000	[PSNR SSIM] = [ 29.97416767   0.99419899  29.80028715]
num=44500	[PSNR SSIM] = [ 30.08418999   0.99434407  29.91403587]
num=45000	[PSNR SSIM] = [ 30.13012797   0.9943659   29.96037187]
num=45500	[PSNR SSIM] = [ 29.93471472   0.99415581  29.75977058]
num=46000	[PSNR SSIM] = [ 30.15594383   0.99440173  29.98712264]
num=46484	[PSNR SSIM] = [ 29.70539792   0.99398499  29.52671951]
